<?xml version="1.0" encoding="UTF-8"?>
<!-- Generated by org.testng.reporters.JUnitReportReporter -->
<testsuite hostname="DESKTOP-72J7IOT" failures="0" tests="3" name="Utilities.Dataprovider_Exel" time="0.011" errors="0" timestamp="2022-10-28T08:22:02 IST" skipped="0">
  <testcase classname="Utilities.Dataprovider_Exel" name="printdata" time="0.001"/>
  <system-out/>
  <testcase classname="Utilities.Dataprovider_Exel" name="printdata" time="0.009"/>
  <system-out/>
  <testcase classname="Utilities.Dataprovider_Exel" name="printdata" time="0.001"/>
  <system-out/>
</testsuite> <!-- Utilities.Dataprovider_Exel -->
